<?xml version="1.0" encoding="UTF-8"?>
<!-- Generated by org.testng.reporters.JUnitReportReporter -->
<testsuite skipped="0" hostname="LAPTOP-O1ADAID9" name="SeleniumGrid.Chrome" tests="1" failures="0" timestamp="2023-08-07T12:05:51 EDT" time="4.907" errors="0">
  <testcase name="maintest" time="4.907" classname="SeleniumGrid.Chrome"/>
  <system-out/>
</testsuite> <!-- SeleniumGrid.Chrome -->
