<?xml version="1.0" encoding="UTF-8"?>
<!-- Generated by org.testng.reporters.JUnitReportReporter -->
<testsuite skipped="0" hostname="LAPTOP-O1ADAID9" name="SeleniumGrid.Chrome" tests="1" failures="0" timestamp="2023-08-04T13:55:17 EDT" time="3.861" errors="0">
  <testcase name="maintest" time="3.861" classname="SeleniumGrid.Chrome"/>
  <system-out/>
</testsuite> <!-- SeleniumGrid.Chrome -->
