<?xml version="1.0" encoding="UTF-8"?>
<!-- Generated by org.testng.reporters.JUnitReportReporter -->
<testsuite skipped="0" hostname="LAPTOP-O1ADAID9" name="SeleniumGrid.SGParallel" tests="1" failures="0" timestamp="2023-08-02T18:23:10 EDT" time="1.853" errors="0">
  <testcase name="maintest" time="1.853" classname="SeleniumGrid.SGParallel"/>
  <system-out/>
</testsuite> <!-- SeleniumGrid.SGParallel -->
