<?xml version="1.0" encoding="UTF-8"?>
<!-- Generated by org.testng.reporters.JUnitReportReporter -->
<testsuite skipped="0" hostname="LAPTOP-O1ADAID9" name="SeleniumGrid.Params_SA_Parallel" tests="1" failures="0" timestamp="2023-08-07T12:17:18 EDT" time="1.456" errors="0">
  <testcase name="maintest" time="1.456" classname="SeleniumGrid.Params_SA_Parallel"/>
  <system-out/>
</testsuite> <!-- SeleniumGrid.Params_SA_Parallel -->
