<?xml version="1.0" encoding="UTF-8"?>
<!-- Generated by org.testng.reporters.JUnitReportReporter -->
<testsuite skipped="0" hostname="LAPTOP-O1ADAID9" name="SeleniumGrid.Firefox" tests="1" failures="0" timestamp="2023-08-03T12:22:02 EDT" time="4.439" errors="0">
  <testcase name="maintest" time="4.439" classname="SeleniumGrid.Firefox"/>
  <system-out/>
</testsuite> <!-- SeleniumGrid.Firefox -->
