<?xml version="1.0" encoding="UTF-8"?>
<!-- Generated by org.testng.reporters.JUnitReportReporter -->
<testsuite skipped="0" hostname="LAPTOP-O1ADAID9" name="SeleniumGrid.WinChrome" tests="1" failures="0" timestamp="2023-08-02T14:19:54 EDT" time="1.504" errors="0">
  <testcase name="maintest" time="1.504" classname="SeleniumGrid.WinChrome"/>
  <system-out/>
</testsuite> <!-- SeleniumGrid.WinChrome -->
