<?xml version="1.0" encoding="UTF-8"?>
<!-- Generated by org.testng.reporters.JUnitReportReporter -->
<testsuite skipped="0" hostname="LAPTOP-O1ADAID9" name="SeleniumGrid.StandAlone_Parallel" tests="1" failures="0" timestamp="2023-08-03T12:23:19 EDT" time="1.724" errors="0">
  <testcase name="maintest" time="1.724" classname="SeleniumGrid.StandAlone_Parallel"/>
  <system-out/>
</testsuite> <!-- SeleniumGrid.StandAlone_Parallel -->
