<?xml version="1.0" encoding="UTF-8"?>
<!-- Generated by org.testng.reporters.JUnitReportReporter -->
<testsuite skipped="0" hostname="LAPTOP-O1ADAID9" name="SeleniumGrid.Edge" tests="1" failures="0" timestamp="2023-08-07T12:48:34 EDT" time="3.256" errors="0">
  <testcase name="maintest" time="3.256" classname="SeleniumGrid.Edge"/>
  <system-out/>
</testsuite> <!-- SeleniumGrid.Edge -->
